Command line:
   Procesador_tb_isim_beh.exe
     -simmode  gui
     -simrunnum  0
     -socket  5013

Mon May 19 01:30:08 2014


 Elaboration Time: 0.156 sec

 Current Memory Usage: 1311.72 Meg

 Total Signals          : 144
 Total Nets             : 5061
 Total Signal Drivers   : 46
 Total Blocks           : 24
 Total Primitive Blocks : 22
 Total Processes        : 30
 Total Traceable Variables  : 12
 Total Scalar Nets and Variables : 5472
Total Line Count : 160
Total Line Count : 160

 Total Simulation Time: 4.21203 sec

 Current Memory Usage: 681.521 Meg

Mon May 19 01:35:28 2014

